<?xml version="1.0" encoding="UTF-8"?>
<testsuite xmlns:xsi="http://www.w3.org/2001/XMLSchema-instance" xsi:noNamespaceSchemaLocation="https://maven.apache.org/surefire/maven-surefire-plugin/xsd/surefire-test-report.xsd" name="TestSuite" time="162.343" tests="2" errors="0" skipped="0" failures="0">
  <properties>
[...]
</properties>
  <testcase name="CustomerRegistration" classname="com.automation.ecommerce.homepage.TC001_CustomerRegistration" time="104.607"/>
  <testcase name="customerSign" classname="com.automation.ecommerce.homepage.TC001_CustomerRegistration" time="3.79"/>
</testsuite>