<?xml version="1.0" encoding="UTF-8"?>
<testng-results skipped="0" failed="0" ignored="0" total="2" passed="2">
  <reporter-output>
    <line>
      <![CDATA[Test start runningCustomerRegistration]]>
    </line>
    <line>
      <![CDATA[Test is SuccessCustomerRegistration]]>
    </line>
    <line>
      <![CDATA[<a href=' D:\Library\Live_Project\com.ecommerce\src\main\java\com\automation\ecommerce\passedScreens\CustomerRegistration17_01_2018_04_01_23.png '><img src='D:\Library\Live_Project\com.ecommerce\src\main\java\com\automation\ecommerce\passedScreens\CustomerRegistration17_01_2018_04_01_23.png'height='100' width='100'/></a>]]>
    </line>
    <line>
      <![CDATA[Test start runningcustomerSign]]>
    </line>
    <line>
      <![CDATA[Test is SuccesscustomerSign]]>
    </line>
    <line>
      <![CDATA[<a href=' D:\Library\Live_Project\com.ecommerce\src\main\java\com\automation\ecommerce\passedScreens\customerSign17_01_2018_04_01_27.png '><img src='D:\Library\Live_Project\com.ecommerce\src\main\java\com\automation\ecommerce\passedScreens\customerSign17_01_2018_04_01_27.png'height='100' width='100'/></a>]]>
    </line>
  </reporter-output>
  <suite name="Suite" duration-ms="160870" started-at="2018-08-17T10:28:47Z" finished-at="2018-08-17T10:31:28Z">
    <groups>
    </groups>
    <test name="Test" duration-ms="160870" started-at="2018-08-17T10:28:47Z" finished-at="2018-08-17T10:31:28Z">
      <class name="com.automation.ecommerce.homepage.TC001_CustomerRegistration">
        <test-method status="PASS" signature="setUp()[pri:0, instance:com.automation.ecommerce.homepage.TC001_CustomerRegistration@59717824]" name="setUp" is-config="true" duration-ms="51271" started-at="2018-08-17T10:28:47Z" finished-at="2018-08-17T10:29:38Z">
          <reporter-output>
          </reporter-output>
        </test-method> <!-- setUp -->
        <test-method status="PASS" signature="CustomerRegistration()[pri:0, instance:com.automation.ecommerce.homepage.TC001_CustomerRegistration@59717824]" name="CustomerRegistration" duration-ms="104603" started-at="2018-08-17T10:29:38Z" finished-at="2018-08-17T10:31:23Z">
          <reporter-output>
            <line>
              <![CDATA[Test start runningCustomerRegistration]]>
            </line>
            <line>
              <![CDATA[Test is SuccessCustomerRegistration]]>
            </line>
            <line>
              <![CDATA[<a href=' D:\Library\Live_Project\com.ecommerce\src\main\java\com\automation\ecommerce\passedScreens\CustomerRegistration17_01_2018_04_01_23.png '><img src='D:\Library\Live_Project\com.ecommerce\src\main\java\com\automation\ecommerce\passedScreens\CustomerRegistration17_01_2018_04_01_23.png'height='100' width='100'/></a>]]>
            </line>
          </reporter-output>
        </test-method> <!-- CustomerRegistration -->
        <test-method status="PASS" signature="startReport(java.lang.reflect.Method)[pri:0, instance:com.automation.ecommerce.homepage.TC001_CustomerRegistration@59717824]" name="startReport" is-config="true" duration-ms="0" started-at="2018-08-17T10:29:38Z" finished-at="2018-08-17T10:29:38Z">
          <params>
            <param index="0">
              <value>
                <![CDATA[public void com.automation.ecommerce.homepage.TC001_CustomerRegistration.CustomerRegistration() throws java.lang.Exception]]>
              </value>
            </param>
          </params>
          <reporter-output>
          </reporter-output>
        </test-method> <!-- startReport -->
        <test-method status="PASS" signature="endReport(org.testng.ITestResult)[pri:0, instance:com.automation.ecommerce.homepage.TC001_CustomerRegistration@59717824]" name="endReport" is-config="true" duration-ms="0" started-at="2018-08-17T10:31:23Z" finished-at="2018-08-17T10:31:23Z">
          <params>
            <param index="0">
              <value>
                <![CDATA[[TestResult name=CustomerRegistration status=SUCCESS method=TC001_CustomerRegistration.CustomerRegistration()[pri:0, instance:com.automation.ecommerce.homepage.TC001_CustomerRegistration@59717824] output=Test start runningCustomerRegistration]]]>
              </value>
            </param>
          </params>
          <reporter-output>
          </reporter-output>
        </test-method> <!-- endReport -->
        <test-method status="PASS" signature="startReport(java.lang.reflect.Method)[pri:0, instance:com.automation.ecommerce.homepage.TC001_CustomerRegistration@59717824]" name="startReport" is-config="true" duration-ms="0" started-at="2018-08-17T10:31:23Z" finished-at="2018-08-17T10:31:23Z">
          <params>
            <param index="0">
              <value>
                <![CDATA[public void com.automation.ecommerce.homepage.TC001_CustomerRegistration.customerSign() throws java.lang.Exception]]>
              </value>
            </param>
          </params>
          <reporter-output>
          </reporter-output>
        </test-method> <!-- startReport -->
        <test-method status="PASS" signature="customerSign()[pri:0, instance:com.automation.ecommerce.homepage.TC001_CustomerRegistration@59717824]" name="customerSign" duration-ms="3790" started-at="2018-08-17T10:31:23Z" finished-at="2018-08-17T10:31:27Z">
          <reporter-output>
            <line>
              <![CDATA[Test start runningcustomerSign]]>
            </line>
            <line>
              <![CDATA[Test is SuccesscustomerSign]]>
            </line>
            <line>
              <![CDATA[<a href=' D:\Library\Live_Project\com.ecommerce\src\main\java\com\automation\ecommerce\passedScreens\customerSign17_01_2018_04_01_27.png '><img src='D:\Library\Live_Project\com.ecommerce\src\main\java\com\automation\ecommerce\passedScreens\customerSign17_01_2018_04_01_27.png'height='100' width='100'/></a>]]>
            </line>
          </reporter-output>
        </test-method> <!-- customerSign -->
        <test-method status="PASS" signature="endReport(org.testng.ITestResult)[pri:0, instance:com.automation.ecommerce.homepage.TC001_CustomerRegistration@59717824]" name="endReport" is-config="true" duration-ms="0" started-at="2018-08-17T10:31:27Z" finished-at="2018-08-17T10:31:27Z">
          <params>
            <param index="0">
              <value>
                <![CDATA[[TestResult name=customerSign status=SUCCESS method=TC001_CustomerRegistration.customerSign()[pri:0, instance:com.automation.ecommerce.homepage.TC001_CustomerRegistration@59717824] output=Test start runningcustomerSign]]]>
              </value>
            </param>
          </params>
          <reporter-output>
          </reporter-output>
        </test-method> <!-- endReport -->
        <test-method status="PASS" signature="endTest()[pri:0, instance:com.automation.ecommerce.homepage.TC001_CustomerRegistration@59717824]" name="endTest" is-config="true" duration-ms="453" started-at="2018-08-17T10:31:27Z" finished-at="2018-08-17T10:31:28Z">
          <reporter-output>
          </reporter-output>
        </test-method> <!-- endTest -->
        <test-method status="PASS" signature="killProcess()[pri:0, instance:com.automation.ecommerce.homepage.TC001_CustomerRegistration@59717824]" name="killProcess" is-config="true" duration-ms="0" started-at="2018-08-17T10:31:28Z" finished-at="2018-08-17T10:31:28Z">
          <reporter-output>
          </reporter-output>
        </test-method> <!-- killProcess -->
      </class> <!-- com.automation.ecommerce.homepage.TC001_CustomerRegistration -->
    </test> <!-- Test -->
  </suite> <!-- Suite -->
</testng-results>
