<?xml version="1.0" encoding="UTF-8"?>
<testng-results skipped="0" failed="0" ignored="0" total="0" passed="0">
  <reporter-output>
  </reporter-output>
  <suite name="com.vsoft.selenium.Selenium_maven.AppTest" duration-ms="19" started-at="2018-06-18T07:58:28Z" finished-at="2018-06-18T07:58:28Z">
    <groups>
    </groups>
    <test name="Command line test" duration-ms="19" started-at="2018-06-18T07:58:28Z" finished-at="2018-06-18T07:58:28Z">
    </test> <!-- Command line test -->
  </suite> <!-- com.vsoft.selenium.Selenium_maven.AppTest -->
</testng-results>
