<?xml version="1.0" encoding="UTF-8"?>
<!-- Generated by org.testng.reporters.JUnitXMLReporter -->
<testsuite hostname="Lenovo" ignored="0" name="Test" tests="2" failures="0" timestamp="17 Aug 2018 10:27:36 GMT" time="140.65" errors="0">
  <testcase name="CustomerRegistration" time="101.318" classname="com.automation.ecommerce.homepage.TC001_CustomerRegistration"/>
  <testcase name="customerSign" time="3.771" classname="com.automation.ecommerce.homepage.TC001_CustomerRegistration"/>
</testsuite> <!-- Test -->
