<?xml version="1.0" encoding="UTF-8"?>
<!-- Generated by org.testng.reporters.JUnitXMLReporter -->
<testsuite hostname="Lenovo" ignored="0" name="Default test" tests="12" failures="0" timestamp="25 Jul 2018 15:53:59 GMT" time="0.997" errors="0">
  <testcase name="Test" time="0.016" classname="com.selenium.maps.MapWithDataProvider"/>
  <testcase name="Test" time="0.0" classname="com.selenium.maps.MapWithDataProvider"/>
  <testcase name="Test" time="0.0" classname="com.selenium.maps.MapWithDataProvider"/>
  <testcase name="Test" time="0.0" classname="com.selenium.maps.MapWithDataProvider"/>
  <testcase name="Test" time="0.0" classname="com.selenium.maps.MapWithDataProvider"/>
  <testcase name="Test" time="0.0" classname="com.selenium.maps.MapWithDataProvider"/>
  <testcase name="Test" time="0.0" classname="com.selenium.maps.MapWithDataProvider"/>
  <testcase name="Test" time="0.016" classname="com.selenium.maps.MapWithDataProvider"/>
  <testcase name="Test" time="0.016" classname="com.selenium.maps.MapWithDataProvider"/>
  <testcase name="Test" time="0.0" classname="com.selenium.maps.MapWithDataProvider"/>
  <testcase name="Test" time="0.0" classname="com.selenium.maps.MapWithDataProvider"/>
  <testcase name="Test" time="0.016" classname="com.selenium.maps.MapWithDataProvider"/>
</testsuite> <!-- Default test -->
